<?xml version="1.0" encoding="UTF-8"?>
<testng-results ignored="0" total="1" passed="1" failed="0" skipped="0">
  <reporter-output>
  </reporter-output>
  <suite started-at="2023-06-13T18:42:40 IST" name="Suite" finished-at="2023-06-13T18:42:55 IST" duration-ms="14275">
    <groups>
    </groups>
    <test started-at="2023-06-13T18:42:40 IST" name="Test" finished-at="2023-06-13T18:42:55 IST" duration-ms="14275">
      <class name="ProjectTests.TestPage">
        <test-method is-config="true" signature="initialiSetup()[pri:0, instance:ProjectTests.TestPage@147ed70f]" started-at="2023-06-13T18:42:40 IST" name="initialiSetup" finished-at="2023-06-13T18:42:52 IST" duration-ms="11724" status="PASS">
          <reporter-output>
          </reporter-output>
        </test-method> <!-- initialiSetup -->
        <test-method signature="scenario1()[pri:0, instance:ProjectTests.TestPage@147ed70f]" started-at="2023-06-13T18:42:52 IST" name="scenario1" finished-at="2023-06-13T18:42:54 IST" duration-ms="2340" status="PASS">
          <reporter-output>
          </reporter-output>
        </test-method> <!-- scenario1 -->
        <test-method is-config="true" signature="closeBrowser()[pri:0, instance:ProjectTests.TestPage@147ed70f]" started-at="2023-06-13T18:42:54 IST" name="closeBrowser" finished-at="2023-06-13T18:42:55 IST" duration-ms="164" status="PASS">
          <reporter-output>
          </reporter-output>
        </test-method> <!-- closeBrowser -->
      </class> <!-- ProjectTests.TestPage -->
    </test> <!-- Test -->
  </suite> <!-- Suite -->
</testng-results>
