<?xml version="1.0" encoding="UTF-8"?>
<testng-results ignored="0" total="1" passed="1" failed="0" skipped="0">
  <reporter-output>
  </reporter-output>
  <suite started-at="2023-06-13T16:30:57 IST" name="Suite" finished-at="2023-06-13T16:31:10 IST" duration-ms="12531">
    <groups>
    </groups>
    <test started-at="2023-06-13T16:30:57 IST" name="Test" finished-at="2023-06-13T16:31:10 IST" duration-ms="12531">
      <class name="ProjectTests.TestPage">
        <test-method is-config="true" signature="initialiSetup()[pri:0, instance:ProjectTests.TestPage@38c5cc4c]" started-at="2023-06-13T16:30:57 IST" name="initialiSetup" finished-at="2023-06-13T16:31:06 IST" duration-ms="9405" status="PASS">
          <reporter-output>
          </reporter-output>
        </test-method> <!-- initialiSetup -->
        <test-method signature="scenario1()[pri:0, instance:ProjectTests.TestPage@38c5cc4c]" started-at="2023-06-13T16:31:06 IST" name="scenario1" finished-at="2023-06-13T16:31:10 IST" duration-ms="3025" status="PASS">
          <reporter-output>
          </reporter-output>
        </test-method> <!-- scenario1 -->
        <test-method is-config="true" signature="closeBrowser()[pri:0, instance:ProjectTests.TestPage@38c5cc4c]" started-at="2023-06-13T16:31:10 IST" name="closeBrowser" finished-at="2023-06-13T16:31:10 IST" duration-ms="81" status="PASS">
          <reporter-output>
          </reporter-output>
        </test-method> <!-- closeBrowser -->
      </class> <!-- ProjectTests.TestPage -->
    </test> <!-- Test -->
  </suite> <!-- Suite -->
</testng-results>
